▲ Next.js 16.2.10 (Turbopack)
- Local:         http://localhost:3005
- Network:       http://192.168.1.8:3005
- Environments: .env
✓ Ready in 2.6s
⚠ Turbopack's filesystem cache has been deleted because we previously detected an internal error in Turbopack. Builds or page loads may be slower as a result.
⚠ The "middleware" file convention is deprecated. Please use "proxy" instead. Learn more: https://nextjs.org/docs/messages/middleware-to-proxy

○ Compiling /[locale] ...
 GET /login 200 in 10.9s (next.js: 9.5s, proxy.ts: 9ms, generate-params: 1820ms, application-code: 1388ms)
 GET / 200 in 11.4s (next.js: 10.9s, proxy.ts: 209ms, generate-params: 3.0s, application-code: 315ms)
 GET / 200 in 391ms (next.js: 74ms, proxy.ts: 29ms, generate-params: 32ms, application-code: 288ms)
 GET / 200 in 324ms (next.js: 39ms, proxy.ts: 8ms, generate-params: 18ms, application-code: 277ms)
 GET /login 200 in 354ms (next.js: 72ms, proxy.ts: 22ms, generate-params: 33ms, application-code: 260ms)
 GET / 200 in 310ms (next.js: 39ms, proxy.ts: 12ms, generate-params: 18ms, application-code: 259ms)
 GET / 200 in 318ms (next.js: 66ms, proxy.ts: 19ms, generate-params: 28ms, application-code: 233ms)
 GET / 200 in 362ms (next.js: 46ms, proxy.ts: 11ms, generate-params: 21ms, application-code: 305ms)
✓ Compiled in 332ms
✓ Compiled in 273ms
○ Compiling /[locale]/dashboard/settings ...
 GET /dashboard/settings 307 in 11.3s (next.js: 9.7s, proxy.ts: 79ms, generate-params: 3.5s, application-code: 1534ms)
 GET /login 200 in 1034ms (next.js: 383ms, proxy.ts: 22ms, generate-params: 23ms, application-code: 629ms)
✓ Compiled in 177ms
✓ Compiled in 163ms
 GET /dashboard/settings 307 in 699ms (next.js: 256ms, proxy.ts: 33ms, generate-params: 9ms, application-code: 410ms)
✓ Compiled in 180ms
✓ Compiled in 139ms
